********************************************************************************
DUPLICATOR-LITE PACKAGE-LOG: 2021-01-01 21:55
NOTICE: Do NOT post to public sites or forums 
********************************************************************************
VERSION:	1.3.40.1
WORDPRESS:	5.6
PHP INFO:	7.3.1 | SAPI: apache2handler
SERVER:		Apache/2.4.37 (Win32) OpenSSL/1.1.1a PHP/7.3.1 
PHP TIME LIMIT: (0) no time limit imposed 
PHP MAX MEMORY: 4294967296 (512M default) 
MEMORY STACK: 10MB

********************************************************************************
DATABASE:
********************************************************************************
BUILD MODE:   MYSQLDUMP
MYSQLTIMEOUT: 5000
MYSQLDUMP:    Is Supported
SQL CREATED: 20210101_wpcode_2eb777ffff74dc5d2513_20210101215429_database.sql
SQL FILE SIZE: 705.41KB (722336)
SQL FILE TIME: 2021-01-01 21:55:03
SQL RUNTIME: 0.90 sec.

********************************************************************************
ARCHIVE (ZIP):
********************************************************************************
ARCHIVE DIR:  C:/Users/Casey/Sites/wpcode.dev.cc
ARCHIVE FILE: 20210101_wpcode_2eb777ffff74dc5d2513_20210101215429_archive.zip
FILTERS: *OFF*
DIRS:
	not set
FILES:
	not set
EXTS:  not set
----------------------------------------
COMPRESSING
SIZE:	65.32MB
STATS:	Dirs 729 | Files 4,197
SQL ADDED: 20210101_wpcode_2eb777ffff74dc5d2513_20210101215429_database.sql
ZipArchive Object
(
    [status] => 0
    [statusSys] => 0
    [numFiles] => 4926
    [filename] => C:\Users\Casey\Sites\wpcode.dev.cc\wp-content\backups-dup-lite\tmp\20210101_wpcode_2eb777ffff74dc5d2513_20210101215429_archive.zip
    [comment] => 
)

FILE ADDED TO ZIP: 4925
COMPRESSION RESULT: '1'
COMPRESSED SIZE: 25.41MB
ARCHIVE RUNTIME: 10.76 sec.
MEMORY STACK: 12MB
building installer
add_extra_files1
add_extra_files2
add_extra_files3
add_extra_files4
Doing archive file check
add_extra_files5
add_extra_files6
add_extra_files8
Successfully opened zip C:/Users/Casey/Sites/wpcode.dev.cc/wp-content/backups-dup-lite/tmp/20210101_wpcode_2eb777ffff74dc5d2513_20210101215429_archive.zip
Adding enhanced installer files to archive using ZipArchive
Installer files added to archive
Added to archive
After ziparchive close when adding installer

********************************************************************************
INTEGRITY CHECKS:
********************************************************************************
SQL FILE: 705.41KB
INSTALLER FILE: 61.29KB
ARCHIVE FILE: 26.93MB 
EXPECTED FILE/DIRECTORY COUNT: 4,926
ACTUAL FILE/DIRECTORY COUNT: 4,925
ARCHIVE CONSISTENCY TEST: Pass

********************************************************************************
RECORD ID:[1]
TOTAL PROCESS RUNTIME: 12.74 sec.
PEAK PHP MEMORY USED: 12MB
DONE PROCESSING => 20210101_wpcode 2021-01-01 21:55

